<?xml version="1.0" encoding="UTF-8"?>
<!-- Generated by org.testng.reporters.JUnitXMLReporter -->
<testsuite ignored="3" hostname="LAPTOP-K26P8KNR" failures="0" tests="2" name="Test" time="13.807" errors="0" timestamp="2024-11-06T22:00:59 IST">
  <testcase classname="Products.AddProductToCartTest" name="AddProductToCart" time="3.959"/>
  <testcase classname="Products.RemoveProductTest" name="sample" time="0.002"/>
  <testcase classname="genericUtilities.BaseClass" name="@AfterTest acConfig" time="0.0">
    <ignored/>
  </testcase> <!-- @AfterTest acConfig -->
  <testcase classname="genericUtilities.BaseClass" name="@BeforeSuite bsConfig" time="0.0">
    <ignored/>
  </testcase> <!-- @BeforeSuite bsConfig -->
  <testcase classname="genericUtilities.BaseClass" name="@AfterSuite asConfig" time="0.0">
    <ignored/>
  </testcase> <!-- @AfterSuite asConfig -->
</testsuite> <!-- Test -->
